[2019-03-06 23:43:39:739][main] INFO  com.example.demo.DemoApplication - Starting DemoApplication on Yoon-PC with PID 15392 (H:\study\spring-tool-suite-3.9.7.RELEASE-e4.10.0-win32-x86_64\sts-bundle\work-space\demo\bin\main started by Administrator in H:\study\spring-tool-suite-3.9.7.RELEASE-e4.10.0-win32-x86_64\sts-bundle\work-space\demo)
[2019-03-06 23:43:39:740][main] DEBUG com.example.demo.DemoApplication - Running with Spring Boot v2.1.3.RELEASE, Spring v5.1.5.RELEASE
[2019-03-06 23:43:39:740][main] INFO  com.example.demo.DemoApplication - No active profile set, falling back to default profiles: default
[2019-03-06 23:43:43:4415][main] INFO  com.example.demo.DemoApplication - Started DemoApplication in 4.273 seconds (JVM running for 5.15)
[2019-03-06 23:44:12:719][main] INFO  com.example.demo.DemoApplication - Starting DemoApplication on Yoon-PC with PID 25048 (H:\study\spring-tool-suite-3.9.7.RELEASE-e4.10.0-win32-x86_64\sts-bundle\work-space\demo\bin\main started by Administrator in H:\study\spring-tool-suite-3.9.7.RELEASE-e4.10.0-win32-x86_64\sts-bundle\work-space\demo)
[2019-03-06 23:44:12:720][main] DEBUG com.example.demo.DemoApplication - Running with Spring Boot v2.1.3.RELEASE, Spring v5.1.5.RELEASE
[2019-03-06 23:44:12:720][main] INFO  com.example.demo.DemoApplication - No active profile set, falling back to default profiles: default
[2019-03-06 23:44:16:4706][main] INFO  com.example.demo.DemoApplication - Started DemoApplication in 4.571 seconds (JVM running for 5.447)
[2019-03-06 23:44:50:725][main] INFO  com.example.demo.DemoApplication - Starting DemoApplication on Yoon-PC with PID 25840 (H:\study\spring-tool-suite-3.9.7.RELEASE-e4.10.0-win32-x86_64\sts-bundle\work-space\demo\bin\main started by Administrator in H:\study\spring-tool-suite-3.9.7.RELEASE-e4.10.0-win32-x86_64\sts-bundle\work-space\demo)
[2019-03-06 23:44:50:727][main] INFO  com.example.demo.DemoApplication - No active profile set, falling back to default profiles: default
[2019-03-06 23:44:54:4303][main] INFO  com.example.demo.DemoApplication - Started DemoApplication in 4.164 seconds (JVM running for 5.044)
[2019-03-06 23:45:06:728][main] INFO  com.example.demo.DemoApplication - Starting DemoApplication on Yoon-PC with PID 4552 (H:\study\spring-tool-suite-3.9.7.RELEASE-e4.10.0-win32-x86_64\sts-bundle\work-space\demo\bin\main started by Administrator in H:\study\spring-tool-suite-3.9.7.RELEASE-e4.10.0-win32-x86_64\sts-bundle\work-space\demo)
[2019-03-06 23:45:06:729][main] INFO  com.example.demo.DemoApplication - No active profile set, falling back to default profiles: default
[2019-03-06 23:45:09:4231][main] INFO  com.example.demo.DemoApplication - Started DemoApplication in 4.092 seconds (JVM running for 4.981)
[2019-03-06 23:45:27:721][main] INFO  com.example.demo.DemoApplication - Starting DemoApplication on Yoon-PC with PID 26616 (H:\study\spring-tool-suite-3.9.7.RELEASE-e4.10.0-win32-x86_64\sts-bundle\work-space\demo\bin\main started by Administrator in H:\study\spring-tool-suite-3.9.7.RELEASE-e4.10.0-win32-x86_64\sts-bundle\work-space\demo)
[2019-03-06 23:45:27:722][main] INFO  com.example.demo.DemoApplication - No active profile set, falling back to default profiles: default
[2019-03-06 23:45:30:4278][main] INFO  com.example.demo.DemoApplication - Started DemoApplication in 4.14 seconds (JVM running for 5.041)
[2019-03-06 23:45:43:703][main] INFO  com.example.demo.DemoApplication - Starting DemoApplication on Yoon-PC with PID 9028 (H:\study\spring-tool-suite-3.9.7.RELEASE-e4.10.0-win32-x86_64\sts-bundle\work-space\demo\bin\main started by Administrator in H:\study\spring-tool-suite-3.9.7.RELEASE-e4.10.0-win32-x86_64\sts-bundle\work-space\demo)
[2019-03-06 23:45:43:707][main] INFO  com.example.demo.DemoApplication - No active profile set, falling back to default profiles: default
[2019-03-06 23:45:45:2452][main] INFO  com.example.demo.DemoApplication - Started DemoApplication in 2.311 seconds (JVM running for 3.196)
[2019-03-06 23:46:12:709][main] INFO  com.example.demo.DemoApplication - Starting DemoApplication on Yoon-PC with PID 26576 (H:\study\spring-tool-suite-3.9.7.RELEASE-e4.10.0-win32-x86_64\sts-bundle\work-space\demo\bin\main started by Administrator in H:\study\spring-tool-suite-3.9.7.RELEASE-e4.10.0-win32-x86_64\sts-bundle\work-space\demo)
[2019-03-06 23:46:12:710][main] DEBUG com.example.demo.DemoApplication - Running with Spring Boot v2.1.3.RELEASE, Spring v5.1.5.RELEASE
[2019-03-06 23:46:12:710][main] INFO  com.example.demo.DemoApplication - No active profile set, falling back to default profiles: default
[2019-03-06 23:46:14:2514][main] INFO  com.example.demo.DemoApplication - Started DemoApplication in 2.377 seconds (JVM running for 3.246)
[2019-03-06 23:46:28:695][main] INFO  com.example.demo.DemoApplication - Starting DemoApplication on Yoon-PC with PID 23392 (H:\study\spring-tool-suite-3.9.7.RELEASE-e4.10.0-win32-x86_64\sts-bundle\work-space\demo\bin\main started by Administrator in H:\study\spring-tool-suite-3.9.7.RELEASE-e4.10.0-win32-x86_64\sts-bundle\work-space\demo)
[2019-03-06 23:46:28:699][main] DEBUG com.example.demo.DemoApplication - Running with Spring Boot v2.1.3.RELEASE, Spring v5.1.5.RELEASE
[2019-03-06 23:46:28:700][main] INFO  com.example.demo.DemoApplication - No active profile set, falling back to default profiles: default
[2019-03-06 23:46:30:2460][main] INFO  com.example.demo.DemoApplication - Started DemoApplication in 2.324 seconds (JVM running for 3.207)
[2019-03-06 23:46:36:8614][http-nio-8080-exec-1] INFO  c.example.demo.SampleUserController - ----------------------------data {1=1, 2=2, 3=3, 4=4, 5=5} 
[2019-03-06 23:46:36:8614][http-nio-8080-exec-1] DEBUG c.example.demo.SampleUserController - ----------------------------data {1=1, 2=2, 3=3, 4=4, 5=5} 
[2019-03-06 23:47:00:807][main] INFO  com.example.demo.DemoApplication - Starting DemoApplication on Yoon-PC with PID 26440 (H:\study\spring-tool-suite-3.9.7.RELEASE-e4.10.0-win32-x86_64\sts-bundle\work-space\demo\bin\main started by Administrator in H:\study\spring-tool-suite-3.9.7.RELEASE-e4.10.0-win32-x86_64\sts-bundle\work-space\demo)
[2019-03-06 23:47:00:811][main] DEBUG com.example.demo.DemoApplication - Running with Spring Boot v2.1.3.RELEASE, Spring v5.1.5.RELEASE
[2019-03-06 23:47:00:812][main] INFO  com.example.demo.DemoApplication - No active profile set, falling back to default profiles: default
[2019-03-06 23:47:01:2657][main] INFO  com.example.demo.DemoApplication - Started DemoApplication in 2.518 seconds (JVM running for 3.402)
[2019-03-06 23:47:04:4742][http-nio-8080-exec-1] INFO  c.example.demo.SampleUserController - ----------------------------data {1=1, 2=2, 3=3, 4=4, 5=5} 
[2019-03-06 23:47:04:4744][http-nio-8080-exec-1] DEBUG c.example.demo.SampleUserController - ----------------------------data {1=1, 2=2, 3=3, 4=4, 5=5} 
[2019-03-06 23:47:17:751][main] INFO  com.example.demo.DemoApplication - Starting DemoApplication on Yoon-PC with PID 22616 (H:\study\spring-tool-suite-3.9.7.RELEASE-e4.10.0-win32-x86_64\sts-bundle\work-space\demo\bin\main started by Administrator in H:\study\spring-tool-suite-3.9.7.RELEASE-e4.10.0-win32-x86_64\sts-bundle\work-space\demo)
[2019-03-06 23:47:17:754][main] DEBUG com.example.demo.DemoApplication - Running with Spring Boot v2.1.3.RELEASE, Spring v5.1.5.RELEASE
[2019-03-06 23:47:17:755][main] INFO  com.example.demo.DemoApplication - No active profile set, falling back to default profiles: default
[2019-03-06 23:47:19:2467][main] INFO  com.example.demo.DemoApplication - Started DemoApplication in 2.308 seconds (JVM running for 3.258)
[2019-03-06 23:47:21:4266][http-nio-8080-exec-1] INFO  c.example.demo.SampleUserController - ----------------------------data {1=1, 2=2, 3=3, 4=4, 5=5} 
[2019-03-06 23:47:21:4267][http-nio-8080-exec-1] DEBUG c.example.demo.SampleUserController - ----------------------------data {1=1, 2=2, 3=3, 4=4, 5=5} 
[2019-03-06 23:47:33:712][main] INFO  com.example.demo.DemoApplication - Starting DemoApplication on Yoon-PC with PID 26580 (H:\study\spring-tool-suite-3.9.7.RELEASE-e4.10.0-win32-x86_64\sts-bundle\work-space\demo\bin\main started by Administrator in H:\study\spring-tool-suite-3.9.7.RELEASE-e4.10.0-win32-x86_64\sts-bundle\work-space\demo)
[2019-03-06 23:47:33:714][main] DEBUG com.example.demo.DemoApplication - Running with Spring Boot v2.1.3.RELEASE, Spring v5.1.5.RELEASE
[2019-03-06 23:47:33:715][main] INFO  com.example.demo.DemoApplication - No active profile set, falling back to default profiles: default
[2019-03-06 23:47:35:2444][main] INFO  com.example.demo.DemoApplication - Started DemoApplication in 2.302 seconds (JVM running for 3.184)
[2019-03-06 23:47:36:3580][http-nio-8080-exec-1] INFO  c.example.demo.SampleUserController - ----------------------------data {1=1, 2=2, 3=3, 4=4, 5=5} 
[2019-03-06 23:47:36:3581][http-nio-8080-exec-1] DEBUG c.example.demo.SampleUserController - ----------------------------data {1=1, 2=2, 3=3, 4=4, 5=5} 
[2019-03-06 23:47:53:715][main] INFO  com.example.demo.DemoApplication - Starting DemoApplication on Yoon-PC with PID 24944 (H:\study\spring-tool-suite-3.9.7.RELEASE-e4.10.0-win32-x86_64\sts-bundle\work-space\demo\bin\main started by Administrator in H:\study\spring-tool-suite-3.9.7.RELEASE-e4.10.0-win32-x86_64\sts-bundle\work-space\demo)
[2019-03-06 23:47:53:718][main] INFO  com.example.demo.DemoApplication - No active profile set, falling back to default profiles: default
[2019-03-06 23:47:55:2402][main] INFO  com.example.demo.DemoApplication - Started DemoApplication in 2.255 seconds (JVM running for 3.123)
[2019-03-06 23:47:56:3501][http-nio-8080-exec-1] INFO  c.example.demo.SampleUserController - ----------------------------data {1=1, 2=2, 3=3, 4=4, 5=5} 
[2019-03-06 23:52:40:756][main] INFO  com.example.demo.DemoApplication - Starting DemoApplication on Yoon-PC with PID 24312 (H:\study\spring-tool-suite-3.9.7.RELEASE-e4.10.0-win32-x86_64\sts-bundle\work-space\demo\bin\main started by Administrator in H:\study\spring-tool-suite-3.9.7.RELEASE-e4.10.0-win32-x86_64\sts-bundle\work-space\demo)
[2019-03-06 23:52:40:761][main] INFO  com.example.demo.DemoApplication - No active profile set, falling back to default profiles: default
[2019-03-06 23:52:42:2610][main] INFO  com.example.demo.DemoApplication - Started DemoApplication in 2.451 seconds (JVM running for 3.418)
[2019-03-06 23:52:51:11283][http-nio-8080-exec-1] INFO  c.example.demo.SampleUserController - ----------------------------data {1=1, 2=2, 3=3, 4=4, 5=5} 
[2019-03-06 23:53:48.363] [main] INFO  com.example.demo.DemoApplication| Starting DemoApplication on Yoon-PC with PID 24656 (H:\study\spring-tool-suite-3.9.7.RELEASE-e4.10.0-win32-x86_64\sts-bundle\work-space\demo\bin\main started by Administrator in H:\study\spring-tool-suite-3.9.7.RELEASE-e4.10.0-win32-x86_64\sts-bundle\work-space\demo)
[2019-03-06 23:53:48.367] [main] INFO  com.example.demo.DemoApplication| No active profile set, falling back to default profiles: default
[2019-03-06 23:53:50.189] [main] INFO  com.example.demo.DemoApplication| Started DemoApplication in 2.452 seconds (JVM running for 3.382)
[2019-03-06 23:53:57.573] [http-nio-8080-exec-1] INFO  c.example.demo.SampleUserController| ----------------------------data {1=1, 2=2, 3=3, 4=4, 5=5} 
[2019-03-06 23:54:30.090] [main] INFO  com.example.demo.DemoApplication| Starting DemoApplication on Yoon-PC with PID 3876 (H:\study\spring-tool-suite-3.9.7.RELEASE-e4.10.0-win32-x86_64\sts-bundle\work-space\demo\bin\main started by Administrator in H:\study\spring-tool-suite-3.9.7.RELEASE-e4.10.0-win32-x86_64\sts-bundle\work-space\demo)
[2019-03-06 23:54:30.095] [main] INFO  com.example.demo.DemoApplication| No active profile set, falling back to default profiles: default
[2019-03-06 23:54:32.018] [main] INFO  com.example.demo.DemoApplication| Started DemoApplication in 2.597 seconds (JVM running for 3.506)
